# JRE version: Java(TM) SE Runtime Environment (8.0_221-b11) (build 1.8.0_221-b11)
# Java VM: Java HotSpot(TM) 64-Bit Server VM (25.221-b11 mixed mode windows-amd64 compressed oops)
Heap:
 PSYoungGen      total 71680K, used 4173K [0x00000000d5c00000, 0x00000000dfc00000, 0x0000000100000000)
  eden space 66560K, 6% used [0x00000000d5c00000,0x00000000d60136a8,0x00000000d9d00000)
  from space 5120K, 0% used [0x00000000d9d00000,0x00000000d9d00000,0x00000000da200000)
  to   space 15360K, 0% used [0x00000000ded00000,0x00000000ded00000,0x00000000dfc00000)
 ParOldGen       total 83968K, used 21820K [0x0000000081400000, 0x0000000086600000, 0x00000000d5c00000)
  object space 83968K, 25% used [0x0000000081400000,0x000000008294f1a0,0x0000000086600000)
 Metaspace       used 21204K, capacity 21502K, committed 21760K, reserved 1069056K
  class space    used 2700K, capacity 2775K, committed 2816K, reserved 1048576K
GC Heap History (10 events):
Event: 2.425 GC heap before
{Heap before GC invocations=2 (full 0):
 PSYoungGen      total 38400K, used 38396K [0x00000000d5c00000, 0x00000000d8680000, 0x0000000100000000)
  eden space 33280K, 100% used [0x00000000d5c00000,0x00000000d7c80000,0x00000000d7c80000)
  from space 5120K, 99% used [0x00000000d7c80000,0x00000000d817f348,0x00000000d8180000)
  to   space 5120K, 0% used [0x00000000d8180000,0x00000000d8180000,0x00000000d8680000)
 ParOldGen       total 87552K, used 1298K [0x0000000081400000, 0x0000000086980000, 0x00000000d5c00000)
  object space 87552K, 1% used [0x0000000081400000,0x00000000815449b0,0x0000000086980000)
 Metaspace       used 8351K, capacity 8392K, committed 8576K, reserved 1056768K
  class space    used 1026K, capacity 1044K, committed 1152K, reserved 1048576K
Event: 2.441 GC heap after
Heap after GC invocations=2 (full 0):
 PSYoungGen      total 38400K, used 5105K [0x00000000d5c00000, 0x00000000da700000, 0x0000000100000000)
  eden space 33280K, 0% used [0x00000000d5c00000,0x00000000d5c00000,0x00000000d7c80000)
  from space 5120K, 99% used [0x00000000d8180000,0x00000000d867c528,0x00000000d8680000)
  to   space 5120K, 0% used [0x00000000d7c80000,0x00000000d7c80000,0x00000000d8180000)
 ParOldGen       total 87552K, used 9215K [0x0000000081400000, 0x0000000086980000, 0x00000000d5c00000)
  object space 87552K, 10% used [0x0000000081400000,0x0000000081cffdc8,0x0000000086980000)
 Metaspace       used 8351K, capacity 8392K, committed 8576K, reserved 1056768K
  class space    used 1026K, capacity 1044K, committed 1152K, reserved 1048576K
}
Event: 3.170 GC heap before
{Heap before GC invocations=3 (full 0):
 PSYoungGen      total 38400K, used 38385K [0x00000000d5c00000, 0x00000000da700000, 0x0000000100000000)
  eden space 33280K, 100% used [0x00000000d5c00000,0x00000000d7c80000,0x00000000d7c80000)
  from space 5120K, 99% used [0x00000000d8180000,0x00000000d867c528,0x00000000d8680000)
  to   space 5120K, 0% used [0x00000000d7c80000,0x00000000d7c80000,0x00000000d8180000)
 ParOldGen       total 87552K, used 9215K [0x0000000081400000, 0x0000000086980000, 0x00000000d5c00000)
  object space 87552K, 10% used [0x0000000081400000,0x0000000081cffdc8,0x0000000086980000)
 Metaspace       used 11766K, capacity 11860K, committed 12160K, reserved 1060864K
  class space    used 1506K, capacity 1558K, committed 1664K, reserved 1048576K
Event: 3.185 GC heap after
Heap after GC invocations=3 (full 0):
 PSYoungGen      total 38400K, used 5102K [0x00000000d5c00000, 0x00000000da700000, 0x0000000100000000)
  eden space 33280K, 0% used [0x00000000d5c00000,0x00000000d5c00000,0x00000000d7c80000)
  from space 5120K, 99% used [0x00000000d7c80000,0x00000000d817b850,0x00000000d8180000)
  to   space 5120K, 0% used [0x00000000da200000,0x00000000da200000,0x00000000da700000)
 ParOldGen       total 87552K, used 17655K [0x0000000081400000, 0x0000000086980000, 0x00000000d5c00000)
  object space 87552K, 20% used [0x0000000081400000,0x000000008253de00,0x0000000086980000)
 Metaspace       used 11766K, capacity 11860K, committed 12160K, reserved 1060864K
  class space    used 1506K, capacity 1558K, committed 1664K, reserved 1048576K
}
Event: 4.081 GC heap before
{Heap before GC invocations=4 (full 0):
 PSYoungGen      total 38400K, used 38382K [0x00000000d5c00000, 0x00000000da700000, 0x0000000100000000)
  eden space 33280K, 100% used [0x00000000d5c00000,0x00000000d7c80000,0x00000000d7c80000)
  from space 5120K, 99% used [0x00000000d7c80000,0x00000000d817b850,0x00000000d8180000)
  to   space 5120K, 0% used [0x00000000da200000,0x00000000da200000,0x00000000da700000)
 ParOldGen       total 87552K, used 17655K [0x0000000081400000, 0x0000000086980000, 0x00000000d5c00000)
  object space 87552K, 20% used [0x0000000081400000,0x000000008253de00,0x0000000086980000)
 Metaspace       used 15351K, capacity 15466K, committed 15616K, reserved 1062912K
  class space    used 2026K, capacity 2047K, committed 2048K, reserved 1048576K
Event: 4.098 GC heap after
Heap after GC invocations=4 (full 0):
 PSYoungGen      total 71680K, used 5119K [0x00000000d5c00000, 0x00000000da700000, 0x0000000100000000)
  eden space 66560K, 0% used [0x00000000d5c00000,0x00000000d5c00000,0x00000000d9d00000)
  from space 5120K, 99% used [0x00000000da200000,0x00000000da6ffc40,0x00000000da700000)
  to   space 5120K, 0% used [0x00000000d9d00000,0x00000000d9d00000,0x00000000da200000)
 ParOldGen       total 87552K, used 23501K [0x0000000081400000, 0x0000000086980000, 0x00000000d5c00000)
  object space 87552K, 26% used [0x0000000081400000,0x0000000082af36f0,0x0000000086980000)
 Metaspace       used 15351K, capacity 15466K, committed 15616K, reserved 1062912K
  class space    used 2026K, capacity 2047K, committed 2048K, reserved 1048576K
}
Event: 7.916 GC heap before
{Heap before GC invocations=5 (full 0):
 PSYoungGen      total 71680K, used 71679K [0x00000000d5c00000, 0x00000000da700000, 0x0000000100000000)
  eden space 66560K, 100% used [0x00000000d5c00000,0x00000000d9d00000,0x00000000d9d00000)
  from space 5120K, 99% used [0x00000000da200000,0x00000000da6ffc40,0x00000000da700000)
  to   space 5120K, 0% used [0x00000000d9d00000,0x00000000d9d00000,0x00000000da200000)
 ParOldGen       total 87552K, used 23501K [0x0000000081400000, 0x0000000086980000, 0x00000000d5c00000)
  object space 87552K, 26% used [0x0000000081400000,0x0000000082af36f0,0x0000000086980000)
 Metaspace       used 20859K, capacity 21182K, committed 21248K, reserved 1067008K
  class space    used 2655K, capacity 2775K, committed 2816K, reserved 1048576K
Event: 7.940 GC heap after
Heap after GC invocations=5 (full 0):
 PSYoungGen      total 71680K, used 5119K [0x00000000d5c00000, 0x00000000dfc00000, 0x0000000100000000)
  eden space 66560K, 0% used [0x00000000d5c00000,0x00000000d5c00000,0x00000000d9d00000)
  from space 5120K, 99% used [0x00000000d9d00000,0x00000000da1ffc40,0x00000000da200000)
  to   space 15360K, 0% used [0x00000000ded00000,0x00000000ded00000,0x00000000dfc00000)
 ParOldGen       total 87552K, used 30452K [0x0000000081400000, 0x0000000086980000, 0x00000000d5c00000)
  object space 87552K, 34% used [0x0000000081400000,0x00000000831bd268,0x0000000086980000)
 Metaspace       used 20859K, capacity 21182K, committed 21248K, reserved 1067008K
  class space    used 2655K, capacity 2775K, committed 2816K, reserved 1048576K
}
Event: 7.940 GC heap before
{Heap before GC invocations=6 (full 1):
 PSYoungGen      total 71680K, used 5119K [0x00000000d5c00000, 0x00000000dfc00000, 0x0000000100000000)
  eden space 66560K, 0% used [0x00000000d5c00000,0x00000000d5c00000,0x00000000d9d00000)
  from space 5120K, 99% used [0x00000000d9d00000,0x00000000da1ffc40,0x00000000da200000)
  to   space 15360K, 0% used [0x00000000ded00000,0x00000000ded00000,0x00000000dfc00000)
 ParOldGen       total 87552K, used 30452K [0x0000000081400000, 0x0000000086980000, 0x00000000d5c00000)
  object space 87552K, 34% used [0x0000000081400000,0x00000000831bd268,0x0000000086980000)
 Metaspace       used 20859K, capacity 21182K, committed 21248K, reserved 1067008K
  class space    used 2655K, capacity 2775K, committed 2816K, reserved 1048576K
Event: 8.067 GC heap after
Heap after GC invocations=6 (full 1):
 PSYoungGen      total 71680K, used 0K [0x00000000d5c00000, 0x00000000dfc00000, 0x0000000100000000)
  eden space 66560K, 0% used [0x00000000d5c00000,0x00000000d5c00000,0x00000000d9d00000)
  from space 5120K, 0% used [0x00000000d9d00000,0x00000000d9d00000,0x00000000da200000)
  to   space 15360K, 0% used [0x00000000ded00000,0x00000000ded00000,0x00000000dfc00000)
 ParOldGen       total 83968K, used 21820K [0x0000000081400000, 0x0000000086600000, 0x00000000d5c00000)
  object space 83968K, 25% used [0x0000000081400000,0x000000008294f1a0,0x0000000086600000)
 Metaspace       used 20859K, capacity 21182K, committed 21248K, reserved 1067008K
  class space    used 2655K, capacity 2775K, committed 2816K, reserved 1048576K
}

